[ERROR]  2024/09/19 17:42:24 flash_sale.go:26: Failed to bind request: json: cannot unmarshal string into Go struct field CreateFlashSalesReq.end_time of type float32
[ERROR]  2024/09/19 18:07:05 flash_sale_product.go:33: Failed to create flash sale product: rpc error: code = Unknown desc = pq: syntax error at or near "available_quantity"
[ERROR]  2024/09/19 18:20:36 order.go:33: Failed to create Order: rpc error: code = Unknown desc = pq: column "status" of relation "orders" does not exist
[ERROR]  2024/09/19 18:33:13 notification.go:149: Failed to get notifications: rpc error: code = Unavailable desc = connection error: desc = "transport: Error while dialing: dial tcp 127.0.0.1:50052: connect: connection refused"
[ERROR]  2024/09/19 18:33:16 notification.go:149: Failed to get notifications: rpc error: code = Unavailable desc = connection error: desc = "transport: Error while dialing: dial tcp 127.0.0.1:50052: connect: connection refused"
[ERROR]  2024/09/19 18:33:40 notification.go:149: Failed to get notifications: rpc error: code = Unknown desc = error executing query: pq: relation "notifications" does not exist
[ERROR]  2024/09/19 18:33:41 notification.go:149: Failed to get notifications: rpc error: code = Unknown desc = error executing query: pq: relation "notifications" does not exist
[ERROR]  2024/09/19 20:50:01 transaction.go:34: Failed to create transaction: rpc error: code = Unknown desc = pq: column "flash_sale_id" does not exist
[ERROR]  2024/09/19 20:53:13 transaction.go:34: Failed to create transaction: rpc error: code = Unknown desc = pq: missing FROM-clause entry for table "c"
[ERROR]  2024/09/19 20:55:19 transaction.go:34: Failed to create transaction: rpc error: code = Unknown desc = pq: missing FROM-clause entry for table "c"
[ERROR]  2024/09/19 20:55:21 transaction.go:34: Failed to create transaction: rpc error: code = Unknown desc = pq: missing FROM-clause entry for table "c"
[ERROR]  2024/09/19 20:55:22 transaction.go:34: Failed to create transaction: rpc error: code = Unknown desc = pq: missing FROM-clause entry for table "c"
[ERROR]  2024/09/19 20:55:22 transaction.go:34: Failed to create transaction: rpc error: code = Unknown desc = pq: missing FROM-clause entry for table "c"
[ERROR]  2024/09/19 20:58:29 transaction.go:34: Failed to create transaction: rpc error: code = Unknown desc = pq: missing FROM-clause entry for table "c"
[ERROR]  2024/09/19 21:02:44 transaction.go:34: Failed to create transaction: rpc error: code = Unknown desc = pq: missing FROM-clause entry for table "c"
[ERROR]  2024/09/19 21:02:46 transaction.go:34: Failed to create transaction: rpc error: code = Unknown desc = pq: missing FROM-clause entry for table "c"
[ERROR]  2024/09/19 21:04:15 transaction.go:34: Failed to create transaction: rpc error: code = Unknown desc = pq: missing FROM-clause entry for table "c"
[ERROR]  2024/09/19 21:07:12 transaction.go:34: Failed to create transaction: rpc error: code = Unknown desc = pq: missing FROM-clause entry for table "c"
[ERROR]  2024/09/19 21:07:13 transaction.go:34: Failed to create transaction: rpc error: code = Unknown desc = pq: missing FROM-clause entry for table "c"
[ERROR]  2024/09/19 21:07:13 transaction.go:34: Failed to create transaction: rpc error: code = Unknown desc = pq: missing FROM-clause entry for table "c"
[ERROR]  2024/09/19 21:07:14 transaction.go:34: Failed to create transaction: rpc error: code = Unknown desc = pq: missing FROM-clause entry for table "c"
[ERROR]  2024/09/19 21:07:14 transaction.go:34: Failed to create transaction: rpc error: code = Unknown desc = pq: missing FROM-clause entry for table "c"
[ERROR]  2024/09/19 21:07:14 transaction.go:34: Failed to create transaction: rpc error: code = Unknown desc = pq: missing FROM-clause entry for table "c"
[ERROR]  2024/09/19 21:07:14 transaction.go:34: Failed to create transaction: rpc error: code = Unknown desc = pq: missing FROM-clause entry for table "c"
[ERROR]  2024/09/19 21:07:14 transaction.go:34: Failed to create transaction: rpc error: code = Unknown desc = pq: missing FROM-clause entry for table "c"
[ERROR]  2024/09/19 21:07:15 transaction.go:34: Failed to create transaction: rpc error: code = Unknown desc = pq: missing FROM-clause entry for table "c"
[ERROR]  2024/09/19 21:07:34 transaction.go:34: Failed to create transaction: rpc error: code = Unknown desc = pq: missing FROM-clause entry for table "c"
[ERROR]  2024/09/19 21:07:37 transaction.go:34: Failed to create transaction: rpc error: code = Unknown desc = pq: missing FROM-clause entry for table "c"
[ERROR]  2024/09/19 21:13:02 transaction.go:34: Failed to create transaction: rpc error: code = Unknown desc = pq: missing FROM-clause entry for table "c"
[ERROR]  2024/09/19 21:13:03 transaction.go:34: Failed to create transaction: rpc error: code = Unknown desc = pq: missing FROM-clause entry for table "c"
[ERROR]  2024/09/19 21:13:04 transaction.go:34: Failed to create transaction: rpc error: code = Unknown desc = pq: missing FROM-clause entry for table "c"
[ERROR]  2024/09/19 21:13:04 transaction.go:34: Failed to create transaction: rpc error: code = Unknown desc = pq: missing FROM-clause entry for table "c"
[ERROR]  2024/09/19 21:13:04 transaction.go:34: Failed to create transaction: rpc error: code = Unknown desc = pq: missing FROM-clause entry for table "c"
[ERROR]  2024/09/19 21:14:43 transaction.go:34: Failed to create transaction: rpc error: code = Unknown desc = pq: missing FROM-clause entry for table "c"
[ERROR]  2024/09/19 21:14:45 transaction.go:34: Failed to create transaction: rpc error: code = Unknown desc = pq: missing FROM-clause entry for table "c"
[ERROR]  2024/09/19 21:14:46 transaction.go:34: Failed to create transaction: rpc error: code = Unknown desc = pq: missing FROM-clause entry for table "c"
[ERROR]  2024/09/19 21:14:46 transaction.go:34: Failed to create transaction: rpc error: code = Unknown desc = pq: missing FROM-clause entry for table "c"
[ERROR]  2024/09/19 21:16:19 transaction.go:34: Failed to create transaction: rpc error: code = Unavailable desc = connection error: desc = "transport: Error while dialing: dial tcp 127.0.0.1:50052: connect: connection refused"
[ERROR]  2024/09/19 21:16:25 transaction.go:34: Failed to create transaction: rpc error: code = Unknown desc = pq: missing FROM-clause entry for table "c"
[ERROR]  2024/09/19 21:19:53 transaction.go:34: Failed to create transaction: rpc error: code = Unknown desc = pq: missing FROM-clause entry for table "c"
[ERROR]  2024/09/19 21:19:56 transaction.go:34: Failed to create transaction: rpc error: code = Unknown desc = pq: missing FROM-clause entry for table "c"
[ERROR]  2024/09/19 21:22:22 transaction.go:34: Failed to create transaction: rpc error: code = Unknown desc = pq: missing FROM-clause entry for table "c"
[ERROR]  2024/09/19 21:22:45 transaction.go:34: Failed to create transaction: rpc error: code = Unknown desc = pq: missing FROM-clause entry for table "c"
[ERROR]  2024/09/19 21:23:03 transaction.go:34: Failed to create transaction: rpc error: code = Unknown desc = pq: missing FROM-clause entry for table "c"
[ERROR]  2024/09/19 21:24:45 transaction.go:34: Failed to create transaction: rpc error: code = Unknown desc = pq: missing FROM-clause entry for table "c"
[ERROR]  2024/09/19 21:24:46 transaction.go:34: Failed to create transaction: rpc error: code = Unknown desc = pq: missing FROM-clause entry for table "c"
[ERROR]  2024/09/19 21:25:14 transaction.go:34: Failed to create transaction: rpc error: code = Unknown desc = pq: missing FROM-clause entry for table "c"
[ERROR]  2024/09/19 21:27:58 transaction.go:34: Failed to create transaction: rpc error: code = Unknown desc = pq: missing FROM-clause entry for table "c"
[ERROR]  2024/09/19 21:28:00 transaction.go:34: Failed to create transaction: rpc error: code = Unknown desc = pq: missing FROM-clause entry for table "c"
[ERROR]  2024/09/19 21:28:01 transaction.go:34: Failed to create transaction: rpc error: code = Unknown desc = pq: missing FROM-clause entry for table "c"
[ERROR]  2024/09/19 21:28:01 transaction.go:34: Failed to create transaction: rpc error: code = Unknown desc = pq: missing FROM-clause entry for table "c"
[ERROR]  2024/09/19 21:28:01 transaction.go:34: Failed to create transaction: rpc error: code = Unknown desc = pq: missing FROM-clause entry for table "c"
[ERROR]  2024/09/19 21:28:01 transaction.go:34: Failed to create transaction: rpc error: code = Unknown desc = pq: missing FROM-clause entry for table "c"
[ERROR]  2024/09/19 21:28:02 transaction.go:34: Failed to create transaction: rpc error: code = Unknown desc = pq: missing FROM-clause entry for table "c"
[ERROR]  2024/09/19 21:28:02 transaction.go:34: Failed to create transaction: rpc error: code = Unknown desc = pq: missing FROM-clause entry for table "c"
[ERROR]  2024/09/19 21:28:02 transaction.go:34: Failed to create transaction: rpc error: code = Unknown desc = pq: missing FROM-clause entry for table "c"
[ERROR]  2024/09/19 21:28:02 transaction.go:34: Failed to create transaction: rpc error: code = Unknown desc = pq: missing FROM-clause entry for table "c"
[ERROR]  2024/09/19 21:28:02 transaction.go:34: Failed to create transaction: rpc error: code = Unknown desc = pq: missing FROM-clause entry for table "c"
[ERROR]  2024/09/19 21:28:03 transaction.go:34: Failed to create transaction: rpc error: code = Unknown desc = pq: missing FROM-clause entry for table "c"
[ERROR]  2024/09/19 21:28:03 transaction.go:34: Failed to create transaction: rpc error: code = Unknown desc = pq: missing FROM-clause entry for table "c"
[ERROR]  2024/09/19 21:28:03 transaction.go:34: Failed to create transaction: rpc error: code = Unknown desc = pq: missing FROM-clause entry for table "c"
[ERROR]  2024/09/19 21:28:04 transaction.go:34: Failed to create transaction: rpc error: code = Unknown desc = pq: missing FROM-clause entry for table "c"
[ERROR]  2024/09/19 21:28:04 transaction.go:34: Failed to create transaction: rpc error: code = Unknown desc = pq: missing FROM-clause entry for table "c"
[ERROR]  2024/09/19 21:29:37 transaction.go:34: Failed to create transaction: rpc error: code = Unknown desc = pq: missing FROM-clause entry for table "c"
[ERROR]  2024/09/19 21:33:00 transaction.go:34: Failed to create transaction: rpc error: code = Unknown desc = pq: missing FROM-clause entry for table "c"
[ERROR]  2024/09/19 21:33:30 transaction.go:125: Failed to list transactions: rpc error: code = Unknown desc = pq: syntax error at or near "BY"
[ERROR]  2024/09/19 21:34:19 transaction.go:34: Failed to create transaction: rpc error: code = Unknown desc = pq: missing FROM-clause entry for table "c"
[ERROR]  2024/09/19 21:34:29 transaction.go:34: Failed to create transaction: rpc error: code = Unknown desc = pq: missing FROM-clause entry for table "c"
[ERROR]  2024/09/19 21:38:12 transaction.go:34: Failed to create transaction: rpc error: code = Unknown desc = pq: missing FROM-clause entry for table "c"
[ERROR]  2024/09/19 21:38:13 transaction.go:34: Failed to create transaction: rpc error: code = Unknown desc = pq: missing FROM-clause entry for table "c"
[ERROR]  2024/09/19 21:38:14 transaction.go:34: Failed to create transaction: rpc error: code = Unknown desc = pq: missing FROM-clause entry for table "c"
[ERROR]  2024/09/19 21:38:14 transaction.go:34: Failed to create transaction: rpc error: code = Unknown desc = pq: missing FROM-clause entry for table "c"
[ERROR]  2024/09/19 21:38:14 transaction.go:34: Failed to create transaction: rpc error: code = Unknown desc = pq: missing FROM-clause entry for table "c"
[ERROR]  2024/09/19 21:38:14 transaction.go:34: Failed to create transaction: rpc error: code = Unknown desc = pq: missing FROM-clause entry for table "c"
[ERROR]  2024/09/19 21:38:15 transaction.go:34: Failed to create transaction: rpc error: code = Unknown desc = pq: missing FROM-clause entry for table "c"
[ERROR]  2024/09/19 21:38:15 transaction.go:34: Failed to create transaction: rpc error: code = Unknown desc = pq: missing FROM-clause entry for table "c"
[ERROR]  2024/09/19 21:38:15 transaction.go:34: Failed to create transaction: rpc error: code = Unknown desc = pq: missing FROM-clause entry for table "c"
[ERROR]  2024/09/19 21:38:15 transaction.go:34: Failed to create transaction: rpc error: code = Unknown desc = pq: missing FROM-clause entry for table "c"
[ERROR]  2024/09/19 21:38:15 transaction.go:34: Failed to create transaction: rpc error: code = Unknown desc = pq: missing FROM-clause entry for table "c"
[ERROR]  2024/09/19 21:38:16 transaction.go:34: Failed to create transaction: rpc error: code = Unknown desc = pq: missing FROM-clause entry for table "c"
[ERROR]  2024/09/19 21:38:16 transaction.go:34: Failed to create transaction: rpc error: code = Unknown desc = pq: missing FROM-clause entry for table "c"
[ERROR]  2024/09/19 21:38:16 transaction.go:34: Failed to create transaction: rpc error: code = Unknown desc = pq: missing FROM-clause entry for table "c"
[ERROR]  2024/09/19 21:38:16 transaction.go:34: Failed to create transaction: rpc error: code = Unknown desc = pq: missing FROM-clause entry for table "c"
[ERROR]  2024/09/19 21:38:16 transaction.go:34: Failed to create transaction: rpc error: code = Unknown desc = pq: missing FROM-clause entry for table "c"
[ERROR]  2024/09/19 21:38:16 transaction.go:34: Failed to create transaction: rpc error: code = Unknown desc = pq: missing FROM-clause entry for table "c"
[ERROR]  2024/09/19 21:38:17 transaction.go:34: Failed to create transaction: rpc error: code = Unknown desc = pq: missing FROM-clause entry for table "c"
[ERROR]  2024/09/19 21:38:17 transaction.go:34: Failed to create transaction: rpc error: code = Unknown desc = pq: missing FROM-clause entry for table "c"
[ERROR]  2024/09/19 21:38:17 transaction.go:34: Failed to create transaction: rpc error: code = Unknown desc = pq: missing FROM-clause entry for table "c"
[ERROR]  2024/09/19 21:38:17 transaction.go:34: Failed to create transaction: rpc error: code = Unknown desc = pq: missing FROM-clause entry for table "c"
[ERROR]  2024/09/19 21:38:17 transaction.go:34: Failed to create transaction: rpc error: code = Unknown desc = pq: missing FROM-clause entry for table "c"
[ERROR]  2024/09/19 21:38:17 transaction.go:34: Failed to create transaction: rpc error: code = Unknown desc = pq: missing FROM-clause entry for table "c"
[ERROR]  2024/09/19 21:38:18 transaction.go:34: Failed to create transaction: rpc error: code = Unknown desc = pq: missing FROM-clause entry for table "c"
[ERROR]  2024/09/19 21:38:18 transaction.go:34: Failed to create transaction: rpc error: code = Unknown desc = pq: missing FROM-clause entry for table "c"
[ERROR]  2024/09/19 21:38:18 transaction.go:34: Failed to create transaction: rpc error: code = Unknown desc = pq: missing FROM-clause entry for table "c"
[ERROR]  2024/09/19 21:38:18 transaction.go:34: Failed to create transaction: rpc error: code = Unknown desc = pq: missing FROM-clause entry for table "c"
[ERROR]  2024/09/19 21:38:18 transaction.go:34: Failed to create transaction: rpc error: code = Unknown desc = pq: missing FROM-clause entry for table "c"
[ERROR]  2024/09/19 21:38:18 transaction.go:34: Failed to create transaction: rpc error: code = Unknown desc = pq: missing FROM-clause entry for table "c"
[ERROR]  2024/09/19 21:38:19 transaction.go:34: Failed to create transaction: rpc error: code = Unknown desc = pq: missing FROM-clause entry for table "c"
[ERROR]  2024/09/19 21:38:19 transaction.go:34: Failed to create transaction: rpc error: code = Unknown desc = pq: missing FROM-clause entry for table "c"
[ERROR]  2024/09/19 21:38:19 transaction.go:34: Failed to create transaction: rpc error: code = Unknown desc = pq: missing FROM-clause entry for table "c"
[ERROR]  2024/09/19 21:38:19 transaction.go:34: Failed to create transaction: rpc error: code = Unknown desc = pq: missing FROM-clause entry for table "c"
[ERROR]  2024/09/19 21:38:19 transaction.go:34: Failed to create transaction: rpc error: code = Unknown desc = pq: missing FROM-clause entry for table "c"
[ERROR]  2024/09/19 21:38:19 transaction.go:34: Failed to create transaction: rpc error: code = Unknown desc = pq: missing FROM-clause entry for table "c"
[ERROR]  2024/09/19 21:41:23 transaction.go:34: Failed to create transaction: rpc error: code = Unknown desc = pq: missing FROM-clause entry for table "c"
[ERROR]  2024/09/19 21:41:24 transaction.go:34: Failed to create transaction: rpc error: code = Unknown desc = pq: missing FROM-clause entry for table "c"
[ERROR]  2024/09/19 21:41:25 transaction.go:34: Failed to create transaction: rpc error: code = Unknown desc = pq: missing FROM-clause entry for table "c"
[ERROR]  2024/09/19 21:41:25 transaction.go:34: Failed to create transaction: rpc error: code = Unknown desc = pq: missing FROM-clause entry for table "c"
[ERROR]  2024/09/19 21:41:25 transaction.go:34: Failed to create transaction: rpc error: code = Unknown desc = pq: missing FROM-clause entry for table "c"
[ERROR]  2024/09/19 21:41:26 transaction.go:34: Failed to create transaction: rpc error: code = Unknown desc = pq: missing FROM-clause entry for table "c"
[ERROR]  2024/09/19 21:41:26 transaction.go:34: Failed to create transaction: rpc error: code = Unknown desc = pq: missing FROM-clause entry for table "c"
[ERROR]  2024/09/19 21:41:26 transaction.go:34: Failed to create transaction: rpc error: code = Unknown desc = pq: missing FROM-clause entry for table "c"
[ERROR]  2024/09/19 21:41:26 transaction.go:34: Failed to create transaction: rpc error: code = Unknown desc = pq: missing FROM-clause entry for table "c"
[ERROR]  2024/09/19 21:41:26 transaction.go:34: Failed to create transaction: rpc error: code = Unknown desc = pq: missing FROM-clause entry for table "c"
[ERROR]  2024/09/19 21:41:26 transaction.go:34: Failed to create transaction: rpc error: code = Unknown desc = pq: missing FROM-clause entry for table "c"
[ERROR]  2024/09/19 21:41:26 transaction.go:34: Failed to create transaction: rpc error: code = Unknown desc = pq: missing FROM-clause entry for table "c"
[ERROR]  2024/09/19 21:41:27 transaction.go:34: Failed to create transaction: rpc error: code = Unknown desc = pq: missing FROM-clause entry for table "c"
[ERROR]  2024/09/19 21:42:45 transaction.go:34: Failed to create transaction: rpc error: code = Unknown desc = pq: missing FROM-clause entry for table "c"
